{"/home/qais/401-whiteboard-backend-myAuth/server.js": {"path":"/home/qais/401-whiteboard-backend-myAuth/server.js","statementMap":{"0":{"start":{"line":1,"column":0},"end":{"line":1,"column":13}},"1":{"start":{"line":2,"column":16},"end":{"line":2,"column":34}},"2":{"start":{"line":3,"column":13},"end":{"line":3,"column":28}},"3":{"start":{"line":4,"column":12},"end":{"line":4,"column":21}},"4":{"start":{"line":5,"column":19},"end":{"line":5,"column":49}},"5":{"start":{"line":6,"column":22},"end":{"line":6,"column":55}},"6":{"start":{"line":7,"column":21},"end":{"line":7,"column":52}},"7":{"start":{"line":8,"column":33},"end":{"line":8,"column":64}},"8":{"start":{"line":9,"column":14},"end":{"line":9,"column":44}},"9":{"start":{"line":11,"column":0},"end":{"line":11,"column":16}},"10":{"start":{"line":12,"column":0},"end":{"line":12,"column":24}},"11":{"start":{"line":13,"column":0},"end":{"line":13,"column":20}},"12":{"start":{"line":14,"column":0},"end":{"line":14,"column":23}},"13":{"start":{"line":15,"column":0},"end":{"line":15,"column":15}},"14":{"start":{"line":17,"column":0},"end":{"line":21,"column":3}},"15":{"start":{"line":18,"column":4},"end":{"line":20,"column":37}},"16":{"start":{"line":24,"column":4},"end":{"line":24,"column":81}},"17":{"start":{"line":24,"column":29},"end":{"line":24,"column":77}},"18":{"start":{"line":27,"column":0},"end":{"line":27,"column":34}},"19":{"start":{"line":28,"column":0},"end":{"line":28,"column":22}},"20":{"start":{"line":30,"column":0},"end":{"line":33,"column":2}}},"fnMap":{"0":{"name":"(anonymous_0)","decl":{"start":{"line":17,"column":13},"end":{"line":17,"column":14}},"loc":{"start":{"line":17,"column":33},"end":{"line":21,"column":1}},"line":17},"1":{"name":"start","decl":{"start":{"line":23,"column":9},"end":{"line":23,"column":14}},"loc":{"start":{"line":23,"column":21},"end":{"line":25,"column":1}},"line":23},"2":{"name":"(anonymous_2)","decl":{"start":{"line":24,"column":21},"end":{"line":24,"column":22}},"loc":{"start":{"line":24,"column":27},"end":{"line":24,"column":79}},"line":24}},"branchMap":{},"s":{"0":4,"1":4,"2":4,"3":4,"4":4,"5":4,"6":4,"7":4,"8":4,"9":4,"10":4,"11":4,"12":4,"13":4,"14":4,"15":1,"16":0,"17":0,"18":4,"19":4,"20":4},"f":{"0":1,"1":0,"2":0},"b":{},"_coverageSchema":"1a1c01bbd47fc00a2c39e90264f33305004495a9","hash":"f57d540f7fedeee31af7fbfc76088b368a9ae62b"}
,"/home/qais/401-whiteboard-backend-myAuth/collections/use-comment-routes.js": {"path":"/home/qais/401-whiteboard-backend-myAuth/collections/use-comment-routes.js","statementMap":{"0":{"start":{"line":1,"column":0},"end":{"line":1,"column":13}},"1":{"start":{"line":5,"column":8},"end":{"line":5,"column":27}},"2":{"start":{"line":9,"column":8},"end":{"line":17,"column":9}},"3":{"start":{"line":10,"column":12},"end":{"line":14,"column":13}},"4":{"start":{"line":11,"column":16},"end":{"line":11,"column":71}},"5":{"start":{"line":13,"column":16},"end":{"line":13,"column":50}},"6":{"start":{"line":16,"column":12},"end":{"line":16,"column":99}},"7":{"start":{"line":21,"column":8},"end":{"line":25,"column":9}},"8":{"start":{"line":22,"column":12},"end":{"line":22,"column":48}},"9":{"start":{"line":24,"column":12},"end":{"line":24,"column":80}},"10":{"start":{"line":29,"column":8},"end":{"line":34,"column":9}},"11":{"start":{"line":30,"column":29},"end":{"line":30,"column":48}},"12":{"start":{"line":31,"column":12},"end":{"line":31,"column":46}},"13":{"start":{"line":33,"column":12},"end":{"line":33,"column":101}},"14":{"start":{"line":38,"column":8},"end":{"line":42,"column":9}},"15":{"start":{"line":39,"column":12},"end":{"line":39,"column":67}},"16":{"start":{"line":41,"column":12},"end":{"line":41,"column":103}},"17":{"start":{"line":48,"column":8},"end":{"line":52,"column":9}},"18":{"start":{"line":49,"column":12},"end":{"line":49,"column":68}},"19":{"start":{"line":51,"column":12},"end":{"line":51,"column":103}},"20":{"start":{"line":57,"column":0},"end":{"line":57,"column":35}}},"fnMap":{"0":{"name":"(anonymous_0)","decl":{"start":{"line":4,"column":4},"end":{"line":4,"column":5}},"loc":{"start":{"line":4,"column":23},"end":{"line":6,"column":5}},"line":4},"1":{"name":"(anonymous_1)","decl":{"start":{"line":8,"column":4},"end":{"line":8,"column":5}},"loc":{"start":{"line":8,"column":19},"end":{"line":18,"column":5}},"line":8},"2":{"name":"(anonymous_2)","decl":{"start":{"line":20,"column":4},"end":{"line":20,"column":5}},"loc":{"start":{"line":20,"column":22},"end":{"line":26,"column":5}},"line":20},"3":{"name":"(anonymous_3)","decl":{"start":{"line":28,"column":4},"end":{"line":28,"column":5}},"loc":{"start":{"line":28,"column":26},"end":{"line":35,"column":5}},"line":28},"4":{"name":"(anonymous_4)","decl":{"start":{"line":37,"column":4},"end":{"line":37,"column":5}},"loc":{"start":{"line":37,"column":21},"end":{"line":43,"column":5}},"line":37},"5":{"name":"(anonymous_5)","decl":{"start":{"line":47,"column":4},"end":{"line":47,"column":5}},"loc":{"start":{"line":47,"column":41},"end":{"line":53,"column":5}},"line":47}},"branchMap":{"0":{"loc":{"start":{"line":10,"column":12},"end":{"line":14,"column":13}},"type":"if","locations":[{"start":{"line":10,"column":12},"end":{"line":14,"column":13}},{"start":{"line":12,"column":19},"end":{"line":14,"column":13}}],"line":10}},"s":{"0":4,"1":8,"2":0,"3":0,"4":0,"5":0,"6":0,"7":0,"8":0,"9":0,"10":0,"11":0,"12":0,"13":0,"14":0,"15":0,"16":0,"17":0,"18":0,"19":0,"20":4},"f":{"0":8,"1":0,"2":0,"3":0,"4":0,"5":0},"b":{"0":[0,0]},"_coverageSchema":"1a1c01bbd47fc00a2c39e90264f33305004495a9","hash":"35f16a60beb4ea1d2180f5ab8b3a6f11f59a0adf"}
,"/home/qais/401-whiteboard-backend-myAuth/controllers/userControllers.js": {"path":"/home/qais/401-whiteboard-backend-myAuth/controllers/userControllers.js","statementMap":{"0":{"start":{"line":1,"column":0},"end":{"line":1,"column":13}},"1":{"start":{"line":2,"column":15},"end":{"line":2,"column":32}},"2":{"start":{"line":3,"column":15},"end":{"line":3,"column":33}},"3":{"start":{"line":4,"column":13},"end":{"line":4,"column":47}},"4":{"start":{"line":7,"column":15},"end":{"line":29,"column":1}},"5":{"start":{"line":9,"column":4},"end":{"line":27,"column":5}},"6":{"start":{"line":10,"column":46},"end":{"line":10,"column":54}},"7":{"start":{"line":12,"column":21},"end":{"line":17,"column":9}},"8":{"start":{"line":18,"column":8},"end":{"line":18,"column":26}},"9":{"start":{"line":19,"column":21},"end":{"line":19,"column":44}},"10":{"start":{"line":21,"column":8},"end":{"line":23,"column":9}},"11":{"start":{"line":22,"column":12},"end":{"line":22,"column":39}},"12":{"start":{"line":26,"column":8},"end":{"line":26,"column":25}},"13":{"start":{"line":33,"column":14},"end":{"line":58,"column":1}},"14":{"start":{"line":34,"column":24},"end":{"line":34,"column":60}},"15":{"start":{"line":35,"column":4},"end":{"line":35,"column":29}},"16":{"start":{"line":36,"column":25},"end":{"line":36,"column":42}},"17":{"start":{"line":39,"column":25},"end":{"line":39,"column":52}},"18":{"start":{"line":40,"column":30},"end":{"line":40,"column":53}},"19":{"start":{"line":41,"column":17},"end":{"line":45,"column":6}},"20":{"start":{"line":47,"column":4},"end":{"line":56,"column":5}},"21":{"start":{"line":48,"column":22},"end":{"line":48,"column":67}},"22":{"start":{"line":49,"column":8},"end":{"line":53,"column":9}},"23":{"start":{"line":50,"column":12},"end":{"line":50,"column":39}},"24":{"start":{"line":52,"column":12},"end":{"line":52,"column":82}},"25":{"start":{"line":55,"column":8},"end":{"line":55,"column":78}},"26":{"start":{"line":60,"column":16},"end":{"line":63,"column":1}},"27":{"start":{"line":61,"column":18},"end":{"line":61,"column":38}},"28":{"start":{"line":62,"column":4},"end":{"line":62,"column":32}},"29":{"start":{"line":65,"column":0},"end":{"line":69,"column":2}}},"fnMap":{"0":{"name":"(anonymous_0)","decl":{"start":{"line":7,"column":15},"end":{"line":7,"column":16}},"loc":{"start":{"line":7,"column":35},"end":{"line":29,"column":1}},"line":7},"1":{"name":"(anonymous_1)","decl":{"start":{"line":33,"column":14},"end":{"line":33,"column":15}},"loc":{"start":{"line":33,"column":34},"end":{"line":58,"column":1}},"line":33},"2":{"name":"(anonymous_2)","decl":{"start":{"line":60,"column":16},"end":{"line":60,"column":17}},"loc":{"start":{"line":60,"column":36},"end":{"line":63,"column":1}},"line":60}},"branchMap":{"0":{"loc":{"start":{"line":21,"column":8},"end":{"line":23,"column":9}},"type":"if","locations":[{"start":{"line":21,"column":8},"end":{"line":23,"column":9}},{"start":{},"end":{}}],"line":21},"1":{"loc":{"start":{"line":47,"column":4},"end":{"line":56,"column":5}},"type":"if","locations":[{"start":{"line":47,"column":4},"end":{"line":56,"column":5}},{"start":{"line":54,"column":11},"end":{"line":56,"column":5}}],"line":47},"2":{"loc":{"start":{"line":49,"column":8},"end":{"line":53,"column":9}},"type":"if","locations":[{"start":{"line":49,"column":8},"end":{"line":53,"column":9}},{"start":{"line":51,"column":15},"end":{"line":53,"column":9}}],"line":49}},"s":{"0":4,"1":4,"2":4,"3":4,"4":4,"5":1,"6":1,"7":1,"8":1,"9":1,"10":1,"11":1,"12":0,"13":4,"14":1,"15":0,"16":0,"17":0,"18":0,"19":0,"20":0,"21":0,"22":0,"23":0,"24":0,"25":0,"26":4,"27":1,"28":1,"29":4},"f":{"0":1,"1":1,"2":1},"b":{"0":[1,0],"1":[0,0],"2":[0,0]},"_coverageSchema":"1a1c01bbd47fc00a2c39e90264f33305004495a9","hash":"11e6a9bc714fc849a93a65586696d0e4932936b5"}
,"/home/qais/401-whiteboard-backend-myAuth/error-handlers/404.js": {"path":"/home/qais/401-whiteboard-backend-myAuth/error-handlers/404.js","statementMap":{"0":{"start":{"line":1,"column":0},"end":{"line":1,"column":13}},"1":{"start":{"line":3,"column":0},"end":{"line":8,"column":2}},"2":{"start":{"line":4,"column":4},"end":{"line":7,"column":6}}},"fnMap":{"0":{"name":"(anonymous_0)","decl":{"start":{"line":3,"column":17},"end":{"line":3,"column":18}},"loc":{"start":{"line":3,"column":42},"end":{"line":8,"column":1}},"line":3}},"branchMap":{},"s":{"0":4,"1":4,"2":1},"f":{"0":1},"b":{},"_coverageSchema":"1a1c01bbd47fc00a2c39e90264f33305004495a9","hash":"74528514d90b699a46ba3c90f7fdb3e285bdf428"}
,"/home/qais/401-whiteboard-backend-myAuth/error-handlers/500.js": {"path":"/home/qais/401-whiteboard-backend-myAuth/error-handlers/500.js","statementMap":{"0":{"start":{"line":1,"column":0},"end":{"line":1,"column":13}},"1":{"start":{"line":3,"column":0},"end":{"line":8,"column":1}},"2":{"start":{"line":4,"column":4},"end":{"line":7,"column":6}}},"fnMap":{"0":{"name":"(anonymous_0)","decl":{"start":{"line":3,"column":17},"end":{"line":3,"column":18}},"loc":{"start":{"line":3,"column":42},"end":{"line":8,"column":1}},"line":3}},"branchMap":{"0":{"loc":{"start":{"line":6,"column":34},"end":{"line":6,"column":52}},"type":"binary-expr","locations":[{"start":{"line":6,"column":34},"end":{"line":6,"column":45}},{"start":{"line":6,"column":49},"end":{"line":6,"column":52}}],"line":6}},"s":{"0":4,"1":4,"2":1},"f":{"0":1},"b":{"0":[1,0]},"_coverageSchema":"1a1c01bbd47fc00a2c39e90264f33305004495a9","hash":"8c14e0ffdef521984c3a1caeb5d5dd3ea8f03738"}
,"/home/qais/401-whiteboard-backend-myAuth/middlewares/userAuth.js": {"path":"/home/qais/401-whiteboard-backend-myAuth/middlewares/userAuth.js","statementMap":{"0":{"start":{"line":1,"column":0},"end":{"line":1,"column":13}},"1":{"start":{"line":2,"column":13},"end":{"line":2,"column":41}},"2":{"start":{"line":5,"column":17},"end":{"line":38,"column":1}},"3":{"start":{"line":8,"column":4},"end":{"line":36,"column":5}},"4":{"start":{"line":9,"column":25},"end":{"line":13,"column":10}},"5":{"start":{"line":15,"column":8},"end":{"line":32,"column":9}},"6":{"start":{"line":17,"column":12},"end":{"line":17,"column":69}},"7":{"start":{"line":21,"column":26},"end":{"line":25,"column":14}},"8":{"start":{"line":27,"column":12},"end":{"line":29,"column":13}},"9":{"start":{"line":28,"column":16},"end":{"line":28,"column":70}},"10":{"start":{"line":31,"column":12},"end":{"line":31,"column":19}},"11":{"start":{"line":34,"column":8},"end":{"line":34,"column":25}},"12":{"start":{"line":41,"column":0},"end":{"line":41,"column":30}}},"fnMap":{"0":{"name":"(anonymous_0)","decl":{"start":{"line":5,"column":17},"end":{"line":5,"column":18}},"loc":{"start":{"line":5,"column":43},"end":{"line":38,"column":1}},"line":5}},"branchMap":{"0":{"loc":{"start":{"line":15,"column":8},"end":{"line":32,"column":9}},"type":"if","locations":[{"start":{"line":15,"column":8},"end":{"line":32,"column":9}},{"start":{"line":19,"column":15},"end":{"line":32,"column":9}}],"line":15},"1":{"loc":{"start":{"line":27,"column":12},"end":{"line":29,"column":13}},"type":"if","locations":[{"start":{"line":27,"column":12},"end":{"line":29,"column":13}},{"start":{},"end":{}}],"line":27}},"s":{"0":4,"1":4,"2":4,"3":1,"4":1,"5":1,"6":0,"7":1,"8":1,"9":0,"10":1,"11":0,"12":4},"f":{"0":1},"b":{"0":[0,1],"1":[0,1]},"_coverageSchema":"1a1c01bbd47fc00a2c39e90264f33305004495a9","hash":"a149a0a3c6464e4ae743150f176321ea89474df9"}
,"/home/qais/401-whiteboard-backend-myAuth/models/comment.model.js": {"path":"/home/qais/401-whiteboard-backend-myAuth/models/comment.model.js","statementMap":{"0":{"start":{"line":1,"column":0},"end":{"line":1,"column":13}},"1":{"start":{"line":2,"column":16},"end":{"line":22,"column":2}},"2":{"start":{"line":2,"column":42},"end":{"line":22,"column":2}},"3":{"start":{"line":24,"column":0},"end":{"line":24,"column":25}}},"fnMap":{"0":{"name":"(anonymous_0)","decl":{"start":{"line":2,"column":16},"end":{"line":2,"column":17}},"loc":{"start":{"line":2,"column":42},"end":{"line":22,"column":2}},"line":2}},"branchMap":{},"s":{"0":4,"1":4,"2":4,"3":4},"f":{"0":4},"b":{},"_coverageSchema":"1a1c01bbd47fc00a2c39e90264f33305004495a9","hash":"c6bc1408a7860f1e847865b73434d3547ceac0d5"}
,"/home/qais/401-whiteboard-backend-myAuth/models/index.js": {"path":"/home/qais/401-whiteboard-backend-myAuth/models/index.js","statementMap":{"0":{"start":{"line":1,"column":0},"end":{"line":1,"column":13}},"1":{"start":{"line":2,"column":0},"end":{"line":2,"column":27}},"2":{"start":{"line":3,"column":33},"end":{"line":3,"column":53}},"3":{"start":{"line":4,"column":13},"end":{"line":4,"column":36}},"4":{"start":{"line":5,"column":16},"end":{"line":5,"column":42}},"5":{"start":{"line":6,"column":19},"end":{"line":6,"column":63}},"6":{"start":{"line":8,"column":21},"end":{"line":8,"column":85}},"7":{"start":{"line":11,"column":24},"end":{"line":18,"column":1}},"8":{"start":{"line":20,"column":18},"end":{"line":20,"column":62}},"9":{"start":{"line":23,"column":0},"end":{"line":27,"column":2}},"10":{"start":{"line":24,"column":4},"end":{"line":24,"column":53}},"11":{"start":{"line":26,"column":4},"end":{"line":26,"column":21}},"12":{"start":{"line":30,"column":18},"end":{"line":30,"column":44}},"13":{"start":{"line":31,"column":21},"end":{"line":31,"column":50}},"14":{"start":{"line":34,"column":0},"end":{"line":34,"column":75}},"15":{"start":{"line":36,"column":0},"end":{"line":36,"column":77}},"16":{"start":{"line":38,"column":23},"end":{"line":38,"column":48}},"17":{"start":{"line":39,"column":25},"end":{"line":39,"column":53}},"18":{"start":{"line":41,"column":0},"end":{"line":41,"column":8}},"19":{"start":{"line":42,"column":0},"end":{"line":42,"column":25}},"20":{"start":{"line":43,"column":0},"end":{"line":51,"column":5}}},"fnMap":{"0":{"name":"(anonymous_0)","decl":{"start":{"line":23,"column":30},"end":{"line":23,"column":31}},"loc":{"start":{"line":23,"column":36},"end":{"line":25,"column":1}},"line":23},"1":{"name":"(anonymous_1)","decl":{"start":{"line":25,"column":9},"end":{"line":25,"column":10}},"loc":{"start":{"line":25,"column":18},"end":{"line":27,"column":1}},"line":25}},"branchMap":{"0":{"loc":{"start":{"line":8,"column":21},"end":{"line":8,"column":85}},"type":"binary-expr","locations":[{"start":{"line":8,"column":21},"end":{"line":8,"column":45}},{"start":{"line":8,"column":49},"end":{"line":8,"column":85}}],"line":8}},"s":{"0":4,"1":4,"2":4,"3":4,"4":4,"5":4,"6":4,"7":4,"8":4,"9":4,"10":1,"11":0,"12":4,"13":4,"14":4,"15":4,"16":4,"17":4,"18":4,"19":4,"20":4},"f":{"0":1,"1":0},"b":{"0":[4,0]},"_coverageSchema":"1a1c01bbd47fc00a2c39e90264f33305004495a9","hash":"5020651d1484f8618990209445798d9888cad2a6"}
,"/home/qais/401-whiteboard-backend-myAuth/models/post.model.js": {"path":"/home/qais/401-whiteboard-backend-myAuth/models/post.model.js","statementMap":{"0":{"start":{"line":1,"column":0},"end":{"line":1,"column":13}},"1":{"start":{"line":2,"column":13},"end":{"line":24,"column":2}},"2":{"start":{"line":2,"column":39},"end":{"line":24,"column":2}},"3":{"start":{"line":26,"column":0},"end":{"line":26,"column":22}}},"fnMap":{"0":{"name":"(anonymous_0)","decl":{"start":{"line":2,"column":13},"end":{"line":2,"column":14}},"loc":{"start":{"line":2,"column":39},"end":{"line":24,"column":2}},"line":2}},"branchMap":{},"s":{"0":4,"1":4,"2":4,"3":4},"f":{"0":4},"b":{},"_coverageSchema":"1a1c01bbd47fc00a2c39e90264f33305004495a9","hash":"c514fe75140407ab707c2d291ac401614024f526"}
,"/home/qais/401-whiteboard-backend-myAuth/models/user.model.js": {"path":"/home/qais/401-whiteboard-backend-myAuth/models/user.model.js","statementMap":{"0":{"start":{"line":1,"column":0},"end":{"line":1,"column":13}},"1":{"start":{"line":3,"column":13},"end":{"line":18,"column":2}},"2":{"start":{"line":3,"column":39},"end":{"line":18,"column":2}},"3":{"start":{"line":20,"column":0},"end":{"line":20,"column":22}}},"fnMap":{"0":{"name":"(anonymous_0)","decl":{"start":{"line":3,"column":13},"end":{"line":3,"column":14}},"loc":{"start":{"line":3,"column":39},"end":{"line":18,"column":2}},"line":3}},"branchMap":{},"s":{"0":4,"1":4,"2":4,"3":4},"f":{"0":4},"b":{},"_coverageSchema":"1a1c01bbd47fc00a2c39e90264f33305004495a9","hash":"ddb6870e142b7ef2dfdd496881cafee12388b900"}
,"/home/qais/401-whiteboard-backend-myAuth/routes/comment.route.js": {"path":"/home/qais/401-whiteboard-backend-myAuth/routes/comment.route.js","statementMap":{"0":{"start":{"line":1,"column":0},"end":{"line":1,"column":13}},"1":{"start":{"line":2,"column":16},"end":{"line":2,"column":34}},"2":{"start":{"line":3,"column":15},"end":{"line":3,"column":31}},"3":{"start":{"line":5,"column":20},"end":{"line":5,"column":46}},"4":{"start":{"line":8,"column":0},"end":{"line":8,"column":35}},"5":{"start":{"line":9,"column":0},"end":{"line":9,"column":39}},"6":{"start":{"line":10,"column":0},"end":{"line":10,"column":42}},"7":{"start":{"line":11,"column":0},"end":{"line":11,"column":45}},"8":{"start":{"line":12,"column":0},"end":{"line":12,"column":41}},"9":{"start":{"line":15,"column":18},"end":{"line":15,"column":38}},"10":{"start":{"line":16,"column":4},"end":{"line":18,"column":6}},"11":{"start":{"line":22,"column":21},"end":{"line":22,"column":29}},"12":{"start":{"line":23,"column":20},"end":{"line":23,"column":52}},"13":{"start":{"line":24,"column":4},"end":{"line":24,"column":34}},"14":{"start":{"line":28,"column":15},"end":{"line":28,"column":28}},"15":{"start":{"line":29,"column":20},"end":{"line":29,"column":42}},"16":{"start":{"line":30,"column":4},"end":{"line":30,"column":38}},"17":{"start":{"line":34,"column":15},"end":{"line":34,"column":28}},"18":{"start":{"line":35,"column":27},"end":{"line":35,"column":51}},"19":{"start":{"line":36,"column":4},"end":{"line":38,"column":7}},"20":{"start":{"line":43,"column":15},"end":{"line":43,"column":28}},"21":{"start":{"line":44,"column":23},"end":{"line":44,"column":31}},"22":{"start":{"line":46,"column":26},"end":{"line":46,"column":62}},"23":{"start":{"line":47,"column":4},"end":{"line":47,"column":40}},"24":{"start":{"line":51,"column":0},"end":{"line":51,"column":24}}},"fnMap":{"0":{"name":"getComment","decl":{"start":{"line":14,"column":15},"end":{"line":14,"column":25}},"loc":{"start":{"line":14,"column":36},"end":{"line":19,"column":1}},"line":14},"1":{"name":"createComment","decl":{"start":{"line":21,"column":15},"end":{"line":21,"column":28}},"loc":{"start":{"line":21,"column":39},"end":{"line":25,"column":1}},"line":21},"2":{"name":"getOneComment","decl":{"start":{"line":27,"column":15},"end":{"line":27,"column":28}},"loc":{"start":{"line":27,"column":39},"end":{"line":31,"column":1}},"line":27},"3":{"name":"deleteComment","decl":{"start":{"line":33,"column":15},"end":{"line":33,"column":28}},"loc":{"start":{"line":33,"column":39},"end":{"line":40,"column":1}},"line":33},"4":{"name":"updatComment","decl":{"start":{"line":42,"column":15},"end":{"line":42,"column":27}},"loc":{"start":{"line":42,"column":38},"end":{"line":48,"column":1}},"line":42}},"branchMap":{},"s":{"0":4,"1":4,"2":4,"3":4,"4":4,"5":4,"6":4,"7":4,"8":4,"9":0,"10":0,"11":0,"12":0,"13":0,"14":0,"15":0,"16":0,"17":0,"18":0,"19":0,"20":0,"21":0,"22":0,"23":0,"24":4},"f":{"0":0,"1":0,"2":0,"3":0,"4":0},"b":{},"_coverageSchema":"1a1c01bbd47fc00a2c39e90264f33305004495a9","hash":"e88145030c2584293e39202e82c5caf74ed64019"}
,"/home/qais/401-whiteboard-backend-myAuth/routes/post.route.js": {"path":"/home/qais/401-whiteboard-backend-myAuth/routes/post.route.js","statementMap":{"0":{"start":{"line":1,"column":0},"end":{"line":1,"column":13}},"1":{"start":{"line":2,"column":16},"end":{"line":2,"column":34}},"2":{"start":{"line":3,"column":15},"end":{"line":3,"column":31}},"3":{"start":{"line":5,"column":31},"end":{"line":5,"column":57}},"4":{"start":{"line":8,"column":0},"end":{"line":8,"column":29}},"5":{"start":{"line":9,"column":0},"end":{"line":9,"column":33}},"6":{"start":{"line":10,"column":0},"end":{"line":10,"column":36}},"7":{"start":{"line":11,"column":0},"end":{"line":11,"column":39}},"8":{"start":{"line":12,"column":0},"end":{"line":12,"column":35}},"9":{"start":{"line":13,"column":0},"end":{"line":13,"column":43}},"10":{"start":{"line":16,"column":15},"end":{"line":16,"column":32}},"11":{"start":{"line":17,"column":4},"end":{"line":19,"column":6}},"12":{"start":{"line":23,"column":18},"end":{"line":23,"column":26}},"13":{"start":{"line":24,"column":17},"end":{"line":24,"column":43}},"14":{"start":{"line":25,"column":4},"end":{"line":25,"column":31}},"15":{"start":{"line":29,"column":15},"end":{"line":29,"column":28}},"16":{"start":{"line":30,"column":17},"end":{"line":30,"column":36}},"17":{"start":{"line":31,"column":4},"end":{"line":31,"column":35}},"18":{"start":{"line":35,"column":15},"end":{"line":35,"column":28}},"19":{"start":{"line":36,"column":24},"end":{"line":36,"column":45}},"20":{"start":{"line":37,"column":4},"end":{"line":39,"column":7}},"21":{"start":{"line":44,"column":15},"end":{"line":44,"column":28}},"22":{"start":{"line":45,"column":23},"end":{"line":45,"column":31}},"23":{"start":{"line":52,"column":23},"end":{"line":52,"column":56}},"24":{"start":{"line":53,"column":4},"end":{"line":53,"column":37}},"25":{"start":{"line":59,"column":24},"end":{"line":59,"column":70}},"26":{"start":{"line":60,"column":4},"end":{"line":60,"column":38}},"27":{"start":{"line":63,"column":0},"end":{"line":63,"column":24}}},"fnMap":{"0":{"name":"getPost","decl":{"start":{"line":15,"column":15},"end":{"line":15,"column":22}},"loc":{"start":{"line":15,"column":33},"end":{"line":20,"column":1}},"line":15},"1":{"name":"createPost","decl":{"start":{"line":22,"column":15},"end":{"line":22,"column":25}},"loc":{"start":{"line":22,"column":36},"end":{"line":26,"column":1}},"line":22},"2":{"name":"getOnePost","decl":{"start":{"line":28,"column":15},"end":{"line":28,"column":25}},"loc":{"start":{"line":28,"column":36},"end":{"line":32,"column":1}},"line":28},"3":{"name":"deletePost","decl":{"start":{"line":34,"column":15},"end":{"line":34,"column":25}},"loc":{"start":{"line":34,"column":36},"end":{"line":41,"column":1}},"line":34},"4":{"name":"updatPost","decl":{"start":{"line":43,"column":15},"end":{"line":43,"column":24}},"loc":{"start":{"line":43,"column":35},"end":{"line":54,"column":1}},"line":43},"5":{"name":"getPostComment","decl":{"start":{"line":57,"column":15},"end":{"line":57,"column":29}},"loc":{"start":{"line":57,"column":40},"end":{"line":61,"column":1}},"line":57}},"branchMap":{},"s":{"0":4,"1":4,"2":4,"3":4,"4":4,"5":4,"6":4,"7":4,"8":4,"9":4,"10":0,"11":0,"12":0,"13":0,"14":0,"15":0,"16":0,"17":0,"18":0,"19":0,"20":0,"21":0,"22":0,"23":0,"24":0,"25":0,"26":0,"27":4},"f":{"0":0,"1":0,"2":0,"3":0,"4":0,"5":0},"b":{},"_coverageSchema":"1a1c01bbd47fc00a2c39e90264f33305004495a9","hash":"69bcbb77a7dfcfbc022b184001c1c87a1b1a68fd"}
,"/home/qais/401-whiteboard-backend-myAuth/routes/user.route.js": {"path":"/home/qais/401-whiteboard-backend-myAuth/routes/user.route.js","statementMap":{"0":{"start":{"line":1,"column":0},"end":{"line":1,"column":13}},"1":{"start":{"line":3,"column":15},"end":{"line":3,"column":42}},"2":{"start":{"line":4,"column":35},"end":{"line":4,"column":76}},"3":{"start":{"line":5,"column":17},"end":{"line":5,"column":51}},"4":{"start":{"line":7,"column":0},"end":{"line":7,"column":52}},"5":{"start":{"line":8,"column":0},"end":{"line":8,"column":29}},"6":{"start":{"line":9,"column":0},"end":{"line":9,"column":30}},"7":{"start":{"line":11,"column":0},"end":{"line":11,"column":24}}},"fnMap":{},"branchMap":{},"s":{"0":4,"1":4,"2":4,"3":4,"4":4,"5":4,"6":4,"7":4},"f":{},"b":{},"_coverageSchema":"1a1c01bbd47fc00a2c39e90264f33305004495a9","hash":"5280bf3c35ced50828347aba75666b59607aa696"}
}
