TN:
SF:server.js
FN:17,(anonymous_0)
FN:23,start
FN:24,(anonymous_2)
FNF:3
FNH:1
FNDA:1,(anonymous_0)
FNDA:0,start
FNDA:0,(anonymous_2)
DA:1,4
DA:2,4
DA:3,4
DA:4,4
DA:5,4
DA:6,4
DA:7,4
DA:8,4
DA:9,4
DA:11,4
DA:12,4
DA:13,4
DA:14,4
DA:15,4
DA:17,4
DA:18,1
DA:24,0
DA:27,4
DA:28,4
DA:30,4
LF:20
LH:19
BRF:0
BRH:0
end_of_record
TN:
SF:collections/use-comment-routes.js
FN:4,(anonymous_0)
FN:8,(anonymous_1)
FN:20,(anonymous_2)
FN:28,(anonymous_3)
FN:37,(anonymous_4)
FN:47,(anonymous_5)
FNF:6
FNH:6
FNDA:8,(anonymous_0)
FNDA:6,(anonymous_1)
FNDA:2,(anonymous_2)
FNDA:2,(anonymous_3)
FNDA:2,(anonymous_4)
FNDA:1,(anonymous_5)
DA:1,4
DA:5,8
DA:9,6
DA:10,6
DA:11,4
DA:13,2
DA:16,0
DA:21,2
DA:22,2
DA:24,1
DA:29,2
DA:30,2
DA:31,2
DA:33,0
DA:38,2
DA:39,2
DA:41,0
DA:48,1
DA:49,1
DA:51,0
DA:57,4
LF:21
LH:17
BRDA:10,0,0,4
BRDA:10,0,1,2
BRF:2
BRH:2
end_of_record
TN:
SF:controllers/userControllers.js
FN:7,(anonymous_0)
FN:33,(anonymous_1)
FN:60,(anonymous_2)
FNF:3
FNH:0
FNDA:0,(anonymous_0)
FNDA:0,(anonymous_1)
FNDA:0,(anonymous_2)
DA:1,4
DA:2,4
DA:3,4
DA:4,4
DA:7,4
DA:9,0
DA:10,0
DA:12,0
DA:19,0
DA:21,0
DA:22,0
DA:26,0
DA:33,4
DA:34,0
DA:36,0
DA:39,0
DA:40,0
DA:41,0
DA:47,0
DA:48,0
DA:49,0
DA:50,0
DA:52,0
DA:55,0
DA:60,4
DA:61,0
DA:62,0
DA:70,4
LF:28
LH:8
BRDA:21,0,0,0
BRDA:21,0,1,0
BRDA:47,1,0,0
BRDA:47,1,1,0
BRDA:49,2,0,0
BRDA:49,2,1,0
BRF:6
BRH:0
end_of_record
TN:
SF:error-handlers/404.js
FN:3,(anonymous_0)
FNF:1
FNH:1
FNDA:1,(anonymous_0)
DA:1,4
DA:3,4
DA:4,1
LF:3
LH:3
BRF:0
BRH:0
end_of_record
TN:
SF:error-handlers/500.js
FN:3,(anonymous_0)
FNF:1
FNH:1
FNDA:1,(anonymous_0)
DA:1,4
DA:3,4
DA:4,1
LF:3
LH:3
BRDA:6,0,0,1
BRDA:6,0,1,1
BRF:2
BRH:2
end_of_record
TN:
SF:middlewares/bearer-auth.js
FN:5,(anonymous_0)
FNF:1
FNH:0
FNDA:0,(anonymous_0)
DA:1,4
DA:2,4
DA:3,4
DA:5,4
DA:6,0
DA:7,0
DA:9,0
DA:10,0
DA:11,0
DA:12,0
DA:13,0
DA:14,0
DA:15,0
DA:16,0
DA:17,0
DA:18,0
DA:21,0
DA:25,0
DA:30,4
LF:19
LH:5
BRDA:6,0,0,0
BRDA:6,0,1,0
BRDA:15,1,0,0
BRDA:15,1,1,0
BRDA:25,2,0,0
BRDA:25,2,1,0
BRF:6
BRH:0
end_of_record
TN:
SF:middlewares/userAuth.js
FN:4,(anonymous_0)
FNF:1
FNH:1
FNDA:1,(anonymous_0)
DA:1,4
DA:2,4
DA:4,4
DA:7,1
DA:8,1
DA:14,0
DA:16,0
DA:20,0
DA:26,0
DA:27,0
DA:30,0
DA:33,0
DA:40,4
LF:13
LH:6
BRDA:14,0,0,0
BRDA:14,0,1,0
BRDA:26,1,0,0
BRDA:26,1,1,0
BRF:4
BRH:0
end_of_record
TN:
SF:models/comment.model.js
FN:2,(anonymous_0)
FNF:1
FNH:1
FNDA:4,(anonymous_0)
DA:1,4
DA:2,4
DA:24,4
LF:3
LH:3
BRF:0
BRH:0
end_of_record
TN:
SF:models/index.js
FN:23,(anonymous_0)
FN:25,(anonymous_1)
FNF:2
FNH:1
FNDA:2,(anonymous_0)
FNDA:0,(anonymous_1)
DA:1,4
DA:2,4
DA:3,4
DA:4,4
DA:5,4
DA:6,4
DA:8,4
DA:11,4
DA:20,4
DA:23,4
DA:24,2
DA:26,0
DA:30,4
DA:31,4
DA:34,4
DA:36,4
DA:38,4
DA:39,4
DA:41,4
DA:42,4
DA:43,4
LF:21
LH:20
BRDA:8,0,0,4
BRDA:8,0,1,0
BRF:2
BRH:1
end_of_record
TN:
SF:models/post.model.js
FN:2,(anonymous_0)
FNF:1
FNH:1
FNDA:4,(anonymous_0)
DA:1,4
DA:2,4
DA:26,4
LF:3
LH:3
BRF:0
BRH:0
end_of_record
TN:
SF:models/user.model.js
FN:4,(anonymous_0)
FN:21,(anonymous_1)
FN:26,(anonymous_2)
FN:32,(anonymous_3)
FN:33,(anonymous_4)
FNF:5
FNH:1
FNDA:4,(anonymous_0)
FNDA:0,(anonymous_1)
FNDA:0,(anonymous_2)
FNDA:0,(anonymous_3)
FNDA:0,(anonymous_4)
DA:1,4
DA:2,4
DA:4,4
DA:22,0
DA:27,0
DA:32,4
DA:33,0
DA:34,0
DA:35,0
DA:37,0
DA:43,4
LF:11
LH:5
BRDA:34,0,0,0
BRDA:34,0,1,0
BRF:2
BRH:0
end_of_record
TN:
SF:routes/comment.route.js
FN:14,getComment
FN:21,createComment
FN:27,getOneComment
FN:33,deleteComment
FN:42,updatComment
FNF:5
FNH:5
FNDA:1,getComment
FNDA:1,createComment
FNDA:1,getOneComment
FNDA:1,deleteComment
FNDA:1,updatComment
DA:1,4
DA:2,4
DA:3,4
DA:5,4
DA:8,4
DA:9,4
DA:10,4
DA:11,4
DA:12,4
DA:15,1
DA:16,1
DA:22,1
DA:23,1
DA:24,1
DA:28,1
DA:29,1
DA:30,1
DA:34,1
DA:35,1
DA:36,1
DA:43,1
DA:44,1
DA:46,1
DA:47,1
DA:51,4
LF:25
LH:25
BRF:0
BRH:0
end_of_record
TN:
SF:routes/post.route.js
FN:15,getPost
FN:22,createPost
FN:28,getOnePost
FN:34,deletePost
FN:43,updatPost
FN:57,getPostComment
FNF:6
FNH:6
FNDA:1,getPost
FNDA:1,createPost
FNDA:1,getOnePost
FNDA:1,deletePost
FNDA:1,updatPost
FNDA:1,getPostComment
DA:1,4
DA:2,4
DA:3,4
DA:5,4
DA:8,4
DA:9,4
DA:10,4
DA:11,4
DA:12,4
DA:13,4
DA:16,1
DA:17,1
DA:23,1
DA:24,1
DA:25,1
DA:29,1
DA:30,1
DA:31,1
DA:35,1
DA:36,1
DA:37,1
DA:44,1
DA:45,1
DA:52,1
DA:53,1
DA:59,1
DA:60,1
DA:63,4
LF:28
LH:28
BRF:0
BRH:0
end_of_record
TN:
SF:routes/user.route.js
FNF:0
FNH:0
DA:1,4
DA:3,4
DA:4,4
DA:5,4
DA:6,4
DA:8,4
DA:9,4
DA:10,4
DA:12,4
LF:9
LH:9
BRF:0
BRH:0
end_of_record
