TN:
SF:server.js
FN:15,(anonymous_0)
FN:21,start
FN:22,(anonymous_2)
FNF:3
FNH:1
FNDA:1,(anonymous_0)
FNDA:0,start
FNDA:0,(anonymous_2)
DA:1,3
DA:2,3
DA:3,3
DA:4,3
DA:5,3
DA:6,3
DA:7,3
DA:8,3
DA:10,3
DA:11,3
DA:12,3
DA:13,3
DA:15,3
DA:16,1
DA:22,0
DA:24,3
DA:25,3
DA:26,3
LF:18
LH:17
BRF:0
BRH:0
end_of_record
TN:
SF:collections/use-comment-routes.js
FN:4,(anonymous_0)
FN:8,(anonymous_1)
FN:20,(anonymous_2)
FN:28,(anonymous_3)
FN:37,(anonymous_4)
FN:47,(anonymous_5)
FNF:6
FNH:6
FNDA:6,(anonymous_0)
FNDA:6,(anonymous_1)
FNDA:2,(anonymous_2)
FNDA:2,(anonymous_3)
FNDA:2,(anonymous_4)
FNDA:1,(anonymous_5)
DA:1,3
DA:5,6
DA:9,6
DA:10,6
DA:11,4
DA:13,2
DA:16,0
DA:21,2
DA:22,2
DA:24,1
DA:29,2
DA:30,2
DA:31,2
DA:33,1
DA:38,2
DA:39,2
DA:41,0
DA:48,1
DA:49,1
DA:51,0
DA:57,3
LF:21
LH:18
BRDA:10,0,0,4
BRDA:10,0,1,2
BRF:2
BRH:2
end_of_record
TN:
SF:error-handlers/404.js
FN:3,(anonymous_0)
FNF:1
FNH:1
FNDA:1,(anonymous_0)
DA:1,3
DA:3,3
DA:4,1
LF:3
LH:3
BRF:0
BRH:0
end_of_record
TN:
SF:error-handlers/500.js
FN:3,(anonymous_0)
FNF:1
FNH:1
FNDA:1,(anonymous_0)
DA:1,3
DA:3,3
DA:4,1
LF:3
LH:3
BRDA:6,0,0,1
BRDA:6,0,1,0
BRF:2
BRH:1
end_of_record
TN:
SF:models/comment.model.js
FN:2,(anonymous_0)
FNF:1
FNH:1
FNDA:3,(anonymous_0)
DA:1,3
DA:2,3
DA:20,3
LF:3
LH:3
BRF:0
BRH:0
end_of_record
TN:
SF:models/index.js
FNF:0
FNH:0
DA:1,3
DA:2,3
DA:3,3
DA:4,3
DA:5,3
DA:6,3
DA:7,3
DA:9,3
DA:18,3
DA:20,3
DA:21,3
DA:24,3
DA:26,3
DA:28,3
DA:29,3
DA:32,3
LF:16
LH:16
BRF:0
BRH:0
end_of_record
TN:
SF:models/post.model.js
FN:2,(anonymous_0)
FNF:1
FNH:1
FNDA:3,(anonymous_0)
DA:1,3
DA:2,3
DA:21,3
LF:3
LH:3
BRF:0
BRH:0
end_of_record
TN:
SF:routes/comment.route.js
FN:14,getComment
FN:21,createComment
FN:27,getOneComment
FN:33,deleteComment
FN:42,updatComment
FNF:5
FNH:5
FNDA:1,getComment
FNDA:1,createComment
FNDA:1,getOneComment
FNDA:1,deleteComment
FNDA:1,updatComment
DA:1,3
DA:2,3
DA:3,3
DA:5,3
DA:8,3
DA:9,3
DA:10,3
DA:11,3
DA:12,3
DA:15,1
DA:16,1
DA:22,1
DA:23,1
DA:24,1
DA:28,1
DA:29,1
DA:30,1
DA:34,1
DA:35,1
DA:36,1
DA:43,1
DA:44,1
DA:46,1
DA:47,1
DA:51,3
LF:25
LH:25
BRF:0
BRH:0
end_of_record
TN:
SF:routes/post.route.js
FN:15,getPost
FN:22,createPost
FN:28,getOnePost
FN:34,deletePost
FN:43,updatPost
FN:57,getPostComment
FNF:6
FNH:6
FNDA:1,getPost
FNDA:1,createPost
FNDA:1,getOnePost
FNDA:1,deletePost
FNDA:1,updatPost
FNDA:1,getPostComment
DA:1,3
DA:2,3
DA:3,3
DA:5,3
DA:8,3
DA:9,3
DA:10,3
DA:11,3
DA:12,3
DA:13,3
DA:16,1
DA:17,1
DA:23,1
DA:24,1
DA:25,1
DA:29,1
DA:30,1
DA:31,1
DA:35,1
DA:36,1
DA:37,1
DA:44,1
DA:45,1
DA:52,1
DA:53,1
DA:59,1
DA:60,1
DA:63,3
LF:28
LH:28
BRF:0
BRH:0
end_of_record
